{
  "stats": {
    "suites": 1,
    "tests": 2,
    "passes": 1,
    "pending": 0,
    "failures": 1,
    "start": "2021-06-04T13:51:44.297Z",
    "end": "2021-06-04T13:52:19.091Z",
    "duration": 34794,
    "testsRegistered": 2,
    "passPercent": 50,
    "pendingPercent": 0,
    "other": 0,
    "hasOther": false,
    "skipped": 0,
    "hasSkipped": false
  },
  "results": [
    {
      "uuid": "4b71c92e-b0f6-4e8e-a7a0-ba18e9d80823",
      "title": "",
      "fullFile": "cypress/integration/tests/coreconcept_1.spec.js",
      "file": "cypress/integration/tests/coreconcept_1.spec.js",
      "beforeHooks": [],
      "afterHooks": [],
      "tests": [],
      "suites": [
        {
          "uuid": "b17de0cb-930e-4b5e-bf7c-9c7c185d517e",
          "title": "Core concept suite",
          "fullFile": "",
          "file": "",
          "beforeHooks": [],
          "afterHooks": [],
          "tests": [
            {
              "title": "test one",
              "fullTitle": "Core concept suite test one",
              "timedOut": null,
              "duration": 21816,
              "state": "passed",
              "speed": "slow",
              "pass": true,
              "fail": false,
              "pending": false,
              "context": null,
              "code": "//BDD Asserions - IMplicit\ncy.get('@firstname').type('first name').then($ele => {\n  cy.wrap($ele).clear().type('new value');\n});",
              "err": {},
              "uuid": "543a5435-90fb-47ba-9920-ab10f14866f4",
              "parentUUID": "b17de0cb-930e-4b5e-bf7c-9c7c185d517e",
              "isHook": false,
              "skipped": false
            },
            {
              "title": "test2",
              "fullTitle": "Core concept suite test2",
              "timedOut": null,
              "duration": 7108,
              "state": "failed",
              "speed": null,
              "pass": false,
              "fail": true,
              "pending": false,
              "context": "{\n  \"title\": \"Failed screenshot\",\n  \"value\": \"screenshots\\\\tests\\\\coreconcept_1.spec.js\\\\Core concept suite -- test2 (failed).png\"\n}",
              "code": "cy.get('@MyLastName').type('Last name');\ncy.get('@MyLastName').should('have.prop', 'class').then(text => {\n  cy.log(text);\n});\ncy.get('@MyLastName').should('be.visible').and('not.be.visible'); //overall time = 6\n//cy.get('@MyLastName').should('not.be.visible')\ncy.get('@MyLastName').then($ele => {\n  const height = $ele.innerHeight(); //expect($ele).not.to.be.visible\n  expect(height).to.equal(36);\n});\nconst a = true;\nassert.isBoolean(a, 'is it a boolean');",
              "err": {
                "message": "AssertionError: Timed out retrying after 6000ms: expected '<input#lastName..mr-sm-2.form-control>' not to be 'visible'",
                "estack": "AssertionError: Timed out retrying after 6000ms: expected '<input#lastName..mr-sm-2.form-control>' not to be 'visible'\n    at Context.eval (https://demoqa.com/__cypress/tests?p=cypress\\integration\\tests\\coreconcept_1.spec.js:123:48)",
                "diff": null
              },
              "uuid": "e9de372c-87b8-4c5c-919b-55e29319230a",
              "parentUUID": "b17de0cb-930e-4b5e-bf7c-9c7c185d517e",
              "isHook": false,
              "skipped": false
            }
          ],
          "suites": [],
          "passes": [
            "543a5435-90fb-47ba-9920-ab10f14866f4"
          ],
          "failures": [
            "e9de372c-87b8-4c5c-919b-55e29319230a"
          ],
          "pending": [],
          "skipped": [],
          "duration": 28924,
          "root": false,
          "rootEmpty": false,
          "_timeout": 2000
        }
      ],
      "passes": [],
      "failures": [],
      "pending": [],
      "skipped": [],
      "duration": 0,
      "root": true,
      "rootEmpty": true,
      "_timeout": 2000
    }
  ],
  "meta": {
    "mocha": {
      "version": "7.0.1"
    },
    "mochawesome": {
      "options": {
        "quiet": false,
        "reportFilename": "mochawesome",
        "saveHtml": true,
        "saveJson": true,
        "consoleReporter": "spec",
        "useInlineDiffs": false,
        "code": true
      },
      "version": "6.2.2"
    },
    "marge": {
      "options": {
        "reportDir": "cypress/report",
        "charts": true,
        "reportPageTitle": "demo project"
      },
      "version": "5.2.0"
    }
  }
}